Design Assistant report for PE
Thu Sep 19 11:48:35 2024
Quartus Prime Version 23.1std.0 Build 991 11/28/2023 Patches 0.02std SC Standard Edition


---------------------
; Table of Contents ;
---------------------
  1. Legal Notice
  2. Design Assistant Summary
  3. Design Assistant Settings
  4. Information only Violations
  5. Design Assistant Messages



----------------
; Legal Notice ;
----------------
Copyright (C) 2023  Intel Corporation. All rights reserved.
Your use of Intel Corporation's design tools, logic functions 
and other software and tools, and any partner logic 
functions, and any output files from any of the foregoing 
(including device programming or simulation files), and any 
associated documentation or information are expressly subject 
to the terms and conditions of the Intel Program License 
Subscription Agreement, the Intel Quartus Prime License Agreement,
the Intel FPGA IP License Agreement, or other applicable license
agreement, including, without limitation, that your use is for
the sole purpose of programming logic devices manufactured by
Intel and sold by Intel or its authorized distributors.  Please
refer to the applicable agreement for further details, at
https://fpgasoftware.intel.com/eula.



+-------------------------------------------------------------------------+
; Design Assistant Summary                                                ;
+-----------------------------------+-------------------------------------+
; Design Assistant Status           ; Analyzed - Thu Sep 19 11:48:35 2024 ;
; Revision Name                     ; PE                                  ;
; Top-level Entity Name             ; PE_bin                              ;
; Family                            ; Cyclone IV E                        ;
; Total Critical Violations         ; 0                                   ;
; Total High Violations             ; 0                                   ;
; Total Medium Violations           ; 0                                   ;
; Total Information only Violations ; 51                                  ;
; - Rule T101                       ; 1                                   ;
; - Rule T102                       ; 50                                  ;
+-----------------------------------+-------------------------------------+


+------------------------------------------------------------------------------------------------------------------------------------------------------------------------------------------+
; Design Assistant Settings                                                                                                                                                                ;
+----------------------------------------------------------------------------------------------------------------------------------------------------------------------+--------------+----+
; Option                                                                                                                                                               ; Setting      ; To ;
+----------------------------------------------------------------------------------------------------------------------------------------------------------------------+--------------+----+
; Design Assistant mode                                                                                                                                                ; Post-Fitting ;    ;
; Threshold value for clock net not mapped to clock spines rule                                                                                                        ; 25           ;    ;
; Minimum number of clock port feed by gated clocks                                                                                                                    ; 30           ;    ;
; Minimum number of node fan-out                                                                                                                                       ; 30           ;    ;
; Maximum number of nodes to report                                                                                                                                    ; 50           ;    ;
; Rule C101: Gated clock should be implemented according to the Intel FPGA standard scheme                                                                             ; On           ;    ;
; Rule C102: Logic cell should not be used to generate an inverted clock signal                                                                                        ; On           ;    ;
; Rule C103: Gated clock does not feed at least a pre-defined number of clock ports to effectively save power                                                          ; On           ;    ;
; Rule C104: Clock signal source should drive only clock input ports                                                                                                   ; On           ;    ;
; Rule C105: Clock signal should be a global signal                                                                                                                    ; On           ;    ;
; Rule C106: Clock signal source should not drive registers triggered by different clock edges                                                                         ; On           ;    ;
; Rule R101: Combinational logic used as a reset signal should be synchronized                                                                                         ; On           ;    ;
; Rule R102: External reset signals should be synchronized using two cascaded registers                                                                                ; On           ;    ;
; Rule R103: External reset signal should be correctly synchronized                                                                                                    ; On           ;    ;
; Rule R104: The reset signal that is generated in one clock domain and used in another clock domain should be correctly synchronized                                  ; On           ;    ;
; Rule R105: The reset signal that is generated in one clock domain and used in another clock domain should be synchronized                                            ; On           ;    ;
; Rule T101: Nodes with more than the specified number of fan-outs                                                                                                     ; On           ;    ;
; Rule T102: Top nodes with the highest number of fan-outs                                                                                                             ; On           ;    ;
; Rule A101: Design should not contain combinational loops                                                                                                             ; On           ;    ;
; Rule A102: Register output should not drive its own control signal directly or through combinational logic                                                           ; On           ;    ;
; Rule A103: Design should not contain delay chains                                                                                                                    ; On           ;    ;
; Rule A104: Design should not contain ripple clock structures                                                                                                         ; On           ;    ;
; Rule A105: Pulses should not be implemented asynchronously                                                                                                           ; On           ;    ;
; Rule A106: Multiple pulses should not be generated in design                                                                                                         ; On           ;    ;
; Rule A107: Design should not contain SR latches                                                                                                                      ; On           ;    ;
; Rule A108: Design should not contain latches                                                                                                                         ; On           ;    ;
; Rule S101: Output enable and input of the same tri-state node should not be driven by same signal source                                                             ; On           ;    ;
; Rule S102: Synchronous port and asynchronous port of the same register should not be driven by the same signal source                                                ; On           ;    ;
; Rule S103: More than one asynchronous port of a register should not be driven by the same signal source                                                              ; On           ;    ;
; Rule S104: Clock port and any other port of a register should not be driven by the same signal source                                                                ; On           ;    ;
; Rule D101: Data bits are not synchronized when transferred between asynchronous clock domains                                                                        ; On           ;    ;
; Rule D102: Multiple data bits that are transferred across asynchronous clock domains are synchronized, but not all bits may be aligned in the receiving clock domain ; On           ;    ;
; Rule D103: Data bits are not correctly synchronized when transferred between asynchronous clock domains                                                              ; On           ;    ;
+----------------------------------------------------------------------------------------------------------------------------------------------------------------------+--------------+----+


+----------------------------------------------------------------------------------------------------------+
; Information only Violations                                                                              ;
+------------------------------------------------------------------+-----------------------------+---------+
; Rule name                                                        ; Name                        ; Fan-Out ;
+------------------------------------------------------------------+-----------------------------+---------+
; Rule T101: Nodes with more than the specified number of fan-outs ; clk~inputclkctrl            ; 67      ;
; Rule T102: Top nodes with the highest number of fan-outs         ; clk~inputclkctrl            ; 67      ;
; Rule T102: Top nodes with the highest number of fan-outs         ; reg_op[3]                   ; 20      ;
; Rule T102: Top nodes with the highest number of fan-outs         ; reg_shift_val[1]            ; 19      ;
; Rule T102: Top nodes with the highest number of fan-outs         ; \operations:tmp_inputb[0]~0 ; 17      ;
; Rule T102: Top nodes with the highest number of fan-outs         ; reg_shift_val[0]            ; 17      ;
; Rule T102: Top nodes with the highest number of fan-outs         ; reg_op[0]                   ; 17      ;
; Rule T102: Top nodes with the highest number of fan-outs         ; \operations:tmp_inputb[0]~1 ; 16      ;
; Rule T102: Top nodes with the highest number of fan-outs         ; reg_op[2]                   ; 16      ;
; Rule T102: Top nodes with the highest number of fan-outs         ; reg_inputa[11]~_Duplicate_1 ; 16      ;
; Rule T102: Top nodes with the highest number of fan-outs         ; reg_op[1]                   ; 15      ;
; Rule T102: Top nodes with the highest number of fan-outs         ; reg_shift_val[2]            ; 15      ;
; Rule T102: Top nodes with the highest number of fan-outs         ; Equal1~0                    ; 12      ;
; Rule T102: Top nodes with the highest number of fan-outs         ; Mux10~0                     ; 12      ;
; Rule T102: Top nodes with the highest number of fan-outs         ; Mux37~5                     ; 12      ;
; Rule T102: Top nodes with the highest number of fan-outs         ; Mux10~5                     ; 12      ;
; Rule T102: Top nodes with the highest number of fan-outs         ; reg_sat_1                   ; 11      ;
; Rule T102: Top nodes with the highest number of fan-outs         ; reg_result[0]~0             ; 11      ;
; Rule T102: Top nodes with the highest number of fan-outs         ; Mux10~2                     ; 10      ;
; Rule T102: Top nodes with the highest number of fan-outs         ; Mux10~4                     ; 10      ;
; Rule T102: Top nodes with the highest number of fan-outs         ; Mux0~5                      ; 7       ;
; Rule T102: Top nodes with the highest number of fan-outs         ; reg_inputa[3]~_Duplicate_1  ; 7       ;
; Rule T102: Top nodes with the highest number of fan-outs         ; reg_inputa[4]~_Duplicate_1  ; 6       ;
; Rule T102: Top nodes with the highest number of fan-outs         ; reg_inputa[5]~_Duplicate_1  ; 6       ;
; Rule T102: Top nodes with the highest number of fan-outs         ; reg_inputa[6]~_Duplicate_1  ; 6       ;
; Rule T102: Top nodes with the highest number of fan-outs         ; reg_inputa[10]~_Duplicate_1 ; 6       ;
; Rule T102: Top nodes with the highest number of fan-outs         ; reg_inputa[7]~_Duplicate_1  ; 6       ;
; Rule T102: Top nodes with the highest number of fan-outs         ; reg_inputa[9]~_Duplicate_1  ; 6       ;
; Rule T102: Top nodes with the highest number of fan-outs         ; reg_inputa[8]~_Duplicate_1  ; 6       ;
; Rule T102: Top nodes with the highest number of fan-outs         ; Mux13~0                     ; 5       ;
; Rule T102: Top nodes with the highest number of fan-outs         ; reg_inputa[2]~_Duplicate_1  ; 5       ;
; Rule T102: Top nodes with the highest number of fan-outs         ; before_saturation_1[11]     ; 5       ;
; Rule T102: Top nodes with the highest number of fan-outs         ; reg_op_1[1]                 ; 5       ;
; Rule T102: Top nodes with the highest number of fan-outs         ; Mux3~1                      ; 4       ;
; Rule T102: Top nodes with the highest number of fan-outs         ; reg_op_1[3]                 ; 4       ;
; Rule T102: Top nodes with the highest number of fan-outs         ; reg_inputb[11]              ; 4       ;
; Rule T102: Top nodes with the highest number of fan-outs         ; reg_op_1[0]                 ; 4       ;
; Rule T102: Top nodes with the highest number of fan-outs         ; Mux1~8                      ; 4       ;
; Rule T102: Top nodes with the highest number of fan-outs         ; reg_inputa[1]~_Duplicate_1  ; 4       ;
; Rule T102: Top nodes with the highest number of fan-outs         ; Mux1~4                      ; 4       ;
; Rule T102: Top nodes with the highest number of fan-outs         ; reg_op_1[2]                 ; 3       ;
; Rule T102: Top nodes with the highest number of fan-outs         ; Add1~18                     ; 3       ;
; Rule T102: Top nodes with the highest number of fan-outs         ; ShiftRight0~11              ; 3       ;
; Rule T102: Top nodes with the highest number of fan-outs         ; ShiftRight0~8               ; 3       ;
; Rule T102: Top nodes with the highest number of fan-outs         ; reg_inputb[0]               ; 3       ;
; Rule T102: Top nodes with the highest number of fan-outs         ; Mux10~7                     ; 3       ;
; Rule T102: Top nodes with the highest number of fan-outs         ; Mux2~1                      ; 3       ;
; Rule T102: Top nodes with the highest number of fan-outs         ; Mux9~1                      ; 3       ;
; Rule T102: Top nodes with the highest number of fan-outs         ; ShiftRight0~15              ; 3       ;
; Rule T102: Top nodes with the highest number of fan-outs         ; Mux4~1                      ; 3       ;
; Rule T102: Top nodes with the highest number of fan-outs         ; reg_inputa[0]~_Duplicate_1  ; 3       ;
+------------------------------------------------------------------+-----------------------------+---------+


+---------------------------+
; Design Assistant Messages ;
+---------------------------+
Info: *******************************************************************
Info: Running Quartus Prime Design Assistant
    Info: Version 23.1std.0 Build 991 11/28/2023 Patches 0.02std SC Standard Edition
    Info: Processing started: Thu Sep 19 11:48:35 2024
Info: Command: quartus_drc lab2-synth -c PE
Warning (18236): Number of processors has not been specified which may cause overloading on shared machines.  Set the global assignment NUM_PARALLEL_PROCESSORS in your QSF to an appropriate value for best performance.
Info (332104): Reading SDC File: '../timing.sdc'
Critical Warning (332168): The following clock transfers have no clock uncertainty assignment. For more accurate results, apply clock uncertainty assignments or use the derive_clock_uncertainty command.
    Critical Warning (332169): From clk (Rise) to clk (Rise) (setup and hold)
Info (308046): (Information) Rule T101: Nodes with more than the specified number of fan-outs. (Value defined:30). Found 1 node(s) with highest fan-out.
    Info (308011): Node  "clk~inputclkctrl" File: /home/raswa151/courses/tsea84-labs/lab2/PE_bin.vhdl Line: 20
Info (308044): (Information) Rule T102: Top nodes with the highest number of fan-outs. (Value defined:50). Found 50 node(s) with highest fan-out.
    Info (308011): Node  "clk~inputclkctrl" File: /home/raswa151/courses/tsea84-labs/lab2/PE_bin.vhdl Line: 20
    Info (308011): Node  "reg_op[3]" File: /home/raswa151/courses/tsea84-labs/lab2/PE_bin.vhdl Line: 51
    Info (308011): Node  "reg_shift_val[1]" File: /home/raswa151/courses/tsea84-labs/lab2/PE_bin.vhdl Line: 51
    Info (308011): Node  "\operations:tmp_inputb[0]~0"
    Info (308011): Node  "reg_shift_val[0]" File: /home/raswa151/courses/tsea84-labs/lab2/PE_bin.vhdl Line: 51
    Info (308011): Node  "reg_op[0]" File: /home/raswa151/courses/tsea84-labs/lab2/PE_bin.vhdl Line: 51
    Info (308011): Node  "\operations:tmp_inputb[0]~1"
    Info (308011): Node  "reg_op[2]" File: /home/raswa151/courses/tsea84-labs/lab2/PE_bin.vhdl Line: 51
    Info (308011): Node  "reg_inputa[11]~_Duplicate_1" File: /home/raswa151/courses/tsea84-labs/lab2/PE_bin.vhdl Line: 51
    Info (308011): Node  "reg_op[1]" File: /home/raswa151/courses/tsea84-labs/lab2/PE_bin.vhdl Line: 51
    Info (308011): Node  "reg_shift_val[2]" File: /home/raswa151/courses/tsea84-labs/lab2/PE_bin.vhdl Line: 51
    Info (308011): Node  "Equal1~0" File: /home/raswa151/courses/tsea84-labs/lab2/PE_bin.vhdl Line: 77
    Info (308011): Node  "Mux10~0" File: /home/raswa151/courses/tsea84-labs/lab2/PE_bin.vhdl Line: 88
    Info (308011): Node  "Mux37~5" File: /home/raswa151/courses/tsea84-labs/lab2/PE_bin.vhdl Line: 117
    Info (308011): Node  "Mux10~5" File: /home/raswa151/courses/tsea84-labs/lab2/PE_bin.vhdl Line: 88
    Info (308011): Node  "reg_sat_1" File: /home/raswa151/courses/tsea84-labs/lab2/PE_bin.vhdl Line: 41
    Info (308011): Node  "reg_result[0]~0" File: /home/raswa151/courses/tsea84-labs/lab2/PE_bin.vhdl Line: 166
    Info (308011): Node  "Mux10~2" File: /home/raswa151/courses/tsea84-labs/lab2/PE_bin.vhdl Line: 88
    Info (308011): Node  "Mux10~4" File: /home/raswa151/courses/tsea84-labs/lab2/PE_bin.vhdl Line: 88
    Info (308011): Node  "Mux0~5" File: /home/raswa151/courses/tsea84-labs/lab2/PE_bin.vhdl Line: 88
    Info (308011): Node  "reg_inputa[3]~_Duplicate_1" File: /home/raswa151/courses/tsea84-labs/lab2/PE_bin.vhdl Line: 51
    Info (308011): Node  "reg_inputa[4]~_Duplicate_1" File: /home/raswa151/courses/tsea84-labs/lab2/PE_bin.vhdl Line: 51
    Info (308011): Node  "reg_inputa[5]~_Duplicate_1" File: /home/raswa151/courses/tsea84-labs/lab2/PE_bin.vhdl Line: 51
    Info (308011): Node  "reg_inputa[6]~_Duplicate_1" File: /home/raswa151/courses/tsea84-labs/lab2/PE_bin.vhdl Line: 51
    Info (308011): Node  "reg_inputa[10]~_Duplicate_1" File: /home/raswa151/courses/tsea84-labs/lab2/PE_bin.vhdl Line: 51
    Info (308011): Node  "reg_inputa[7]~_Duplicate_1" File: /home/raswa151/courses/tsea84-labs/lab2/PE_bin.vhdl Line: 51
    Info (308011): Node  "reg_inputa[9]~_Duplicate_1" File: /home/raswa151/courses/tsea84-labs/lab2/PE_bin.vhdl Line: 51
    Info (308011): Node  "reg_inputa[8]~_Duplicate_1" File: /home/raswa151/courses/tsea84-labs/lab2/PE_bin.vhdl Line: 51
    Info (308011): Node  "Mux13~0" File: /home/raswa151/courses/tsea84-labs/lab2/PE_bin.vhdl Line: 88
    Info (308011): Node  "reg_inputa[2]~_Duplicate_1" File: /home/raswa151/courses/tsea84-labs/lab2/PE_bin.vhdl Line: 51
    Info (308002): Truncated list of Design Assistant messages to 30 messages. Go to sections under Design Assistant section of Compilation Report for complete lists of Design Assistant messages generated.
Info (308007): Design Assistant information: finished post-fitting analysis of current design -- generated 51 information messages and 0 warning messages
Info: Quartus Prime Design Assistant was successful. 0 errors, 3 warnings
    Info: Peak virtual memory: 617 megabytes
    Info: Processing ended: Thu Sep 19 11:48:35 2024
    Info: Elapsed time: 00:00:00
    Info: Total CPU time (on all processors): 00:00:00


