EDA Netlist Writer report for PE
Tue Sep 24 11:17:56 2024
Quartus Prime Version 23.1std.0 Build 991 11/28/2023 Patches 0.02std SC Standard Edition


---------------------
; Table of Contents ;
---------------------
  1. Legal Notice
  2. EDA Netlist Writer Summary
  3. Simulation Settings
  4. Simulation Generated Files
  5. EDA Netlist Writer Messages



----------------
; Legal Notice ;
----------------
Copyright (C) 2023  Intel Corporation. All rights reserved.
Your use of Intel Corporation's design tools, logic functions 
and other software and tools, and any partner logic 
functions, and any output files from any of the foregoing 
(including device programming or simulation files), and any 
associated documentation or information are expressly subject 
to the terms and conditions of the Intel Program License 
Subscription Agreement, the Intel Quartus Prime License Agreement,
the Intel FPGA IP License Agreement, or other applicable license
agreement, including, without limitation, that your use is for
the sole purpose of programming logic devices manufactured by
Intel and sold by Intel or its authorized distributors.  Please
refer to the applicable agreement for further details, at
https://fpgasoftware.intel.com/eula.



+-------------------------------------------------------------------+
; EDA Netlist Writer Summary                                        ;
+---------------------------+---------------------------------------+
; EDA Netlist Writer Status ; Successful - Tue Sep 24 11:17:56 2024 ;
; Revision Name             ; PE                                    ;
; Top-level Entity Name     ; PE_bin                                ;
; Family                    ; Cyclone IV E                          ;
; Simulation Files Creation ; Successful                            ;
+---------------------------+---------------------------------------+


+------------------------------------------------------------------------------------------------------------------------+
; Simulation Settings                                                                                                    ;
+---------------------------------------------------------------------------------------------------+--------------------+
; Option                                                                                            ; Setting            ;
+---------------------------------------------------------------------------------------------------+--------------------+
; Tool Name                                                                                         ; Custom Verilog HDL ;
; Generate functional simulation netlist                                                            ; Off                ;
; Time scale                                                                                        ; 1 ps               ;
; Truncate long hierarchy paths                                                                     ; Off                ;
; Map illegal HDL characters                                                                        ; Off                ;
; Flatten buses into individual nodes                                                               ; Off                ;
; Maintain hierarchy                                                                                ; Off                ;
; Bring out device-wide set/reset signals as ports                                                  ; Off                ;
; Enable glitch filtering                                                                           ; Off                ;
; Do not write top level VHDL entity                                                                ; Off                ;
; Disable detection of setup and hold time violations in the input registers of bi-directional pins ; Off                ;
; Architecture name in VHDL output netlist                                                          ; structure          ;
; Generate third-party EDA tool command script for RTL functional simulation                        ; Off                ;
; Generate third-party EDA tool command script for gate-level simulation                            ; Off                ;
+---------------------------------------------------------------------------------------------------+--------------------+


+-----------------------------------------------------------------------------------------------+
; Simulation Generated Files                                                                    ;
+-----------------------------------------------------------------------------------------------+
; Generated Files                                                                               ;
+-----------------------------------------------------------------------------------------------+
; /home/raswa151/courses/tsea84-labs/lab2/synth/simulation/modelsim/PE_7_1200mv_85c_slow.vo     ;
; /home/raswa151/courses/tsea84-labs/lab2/synth/simulation/modelsim/PE_7_1200mv_0c_slow.vo      ;
; /home/raswa151/courses/tsea84-labs/lab2/synth/simulation/modelsim/PE_min_1200mv_0c_fast.vo    ;
; /home/raswa151/courses/tsea84-labs/lab2/synth/simulation/modelsim/PE.vo                       ;
; /home/raswa151/courses/tsea84-labs/lab2/synth/simulation/modelsim/PE_7_1200mv_85c_v_slow.sdo  ;
; /home/raswa151/courses/tsea84-labs/lab2/synth/simulation/modelsim/PE_7_1200mv_0c_v_slow.sdo   ;
; /home/raswa151/courses/tsea84-labs/lab2/synth/simulation/modelsim/PE_min_1200mv_0c_v_fast.sdo ;
; /home/raswa151/courses/tsea84-labs/lab2/synth/simulation/modelsim/PE_v.sdo                    ;
+-----------------------------------------------------------------------------------------------+


+-----------------------------+
; EDA Netlist Writer Messages ;
+-----------------------------+
Info: *******************************************************************
Info: Running Quartus Prime EDA Netlist Writer
    Info: Version 23.1std.0 Build 991 11/28/2023 Patches 0.02std SC Standard Edition
    Info: Processing started: Tue Sep 24 11:17:55 2024
Info: Command: quartus_eda --read_settings_files=off --write_settings_files=off lab2-synth -c PE
Warning (18236): Number of processors has not been specified which may cause overloading on shared machines.  Set the global assignment NUM_PARALLEL_PROCESSORS in your QSF to an appropriate value for best performance.
Info (204019): Generated file PE_7_1200mv_85c_slow.vo in folder "/home/raswa151/courses/tsea84-labs/lab2/synth/simulation/modelsim/" for EDA simulation tool
Info (204019): Generated file PE_7_1200mv_0c_slow.vo in folder "/home/raswa151/courses/tsea84-labs/lab2/synth/simulation/modelsim/" for EDA simulation tool
Info (204019): Generated file PE_min_1200mv_0c_fast.vo in folder "/home/raswa151/courses/tsea84-labs/lab2/synth/simulation/modelsim/" for EDA simulation tool
Info (204019): Generated file PE.vo in folder "/home/raswa151/courses/tsea84-labs/lab2/synth/simulation/modelsim/" for EDA simulation tool
Info (204019): Generated file PE_7_1200mv_85c_v_slow.sdo in folder "/home/raswa151/courses/tsea84-labs/lab2/synth/simulation/modelsim/" for EDA simulation tool
Info (204019): Generated file PE_7_1200mv_0c_v_slow.sdo in folder "/home/raswa151/courses/tsea84-labs/lab2/synth/simulation/modelsim/" for EDA simulation tool
Info (204019): Generated file PE_min_1200mv_0c_v_fast.sdo in folder "/home/raswa151/courses/tsea84-labs/lab2/synth/simulation/modelsim/" for EDA simulation tool
Info (204019): Generated file PE_v.sdo in folder "/home/raswa151/courses/tsea84-labs/lab2/synth/simulation/modelsim/" for EDA simulation tool
Info: Quartus Prime EDA Netlist Writer was successful. 0 errors, 1 warning
    Info: Peak virtual memory: 661 megabytes
    Info: Processing ended: Tue Sep 24 11:17:56 2024
    Info: Elapsed time: 00:00:01
    Info: Total CPU time (on all processors): 00:00:00


